Removing r-rocker-ml-verse version 4.2.3+apptainer
Removing apptainer version latest
Loading r-rocker-ml-verse version 4.2.3+apptainer
Loading apptainer version latest

==========
== CUDA ==
==========

CUDA Version 11.8.0

Container image Copyright (c) 2016-2023, NVIDIA CORPORATION & AFFILIATES. All rights reserved.

This container image and its contents are governed by the NVIDIA Deep Learning Container License.
By pulling and using the container, you accept the terms and conditions of this license:
https://developer.nvidia.com/ngc/nvidia-deep-learning-container-license

A copy of this license is made available in this container at /NGC-DL-CONTAINER-LICENSE for your convenience.

WARNING: The NVIDIA Driver was not detected.  GPU functionality will not be available.
   Use the NVIDIA Container Toolkit to start this container with GPU support; see
   https://docs.nvidia.com/datacenter/cloud-native/ .

Loading required package: loo
This is loo version 2.7.0.9000
- Online documentation and vignettes at mc-stan.org/loo
- As of v2.0.0 loo defaults to 1 core but we recommend using as many as possible. Use the 'cores' argument or set options(mc.cores = NUM_CORES) for an entire session. 
Loading required package: cmdstanr
This is cmdstanr version 0.8.1.9000
- CmdStanR documentation and vignettes: mc-stan.org/cmdstanr
- CmdStan path: /home/bwrogers_umass_edu/.cmdstan/cmdstan-2.31.0
- CmdStan version: 2.31.0

A newer version of CmdStan is available. See ?install_cmdstan() to install it.
To disable this check set option or environment variable cmdstanr_no_ver_check=TRUE.
Running MCMC with 4 parallel chains...

Chain 1 Iteration:     1 / 25000 [  0%]  (Warmup) 
Chain 2 Iteration:     1 / 25000 [  0%]  (Warmup) 
Chain 3 Iteration:     1 / 25000 [  0%]  (Warmup) 
Chain 4 Iteration:     1 / 25000 [  0%]  (Warmup) 
Chain 4 Iteration:   100 / 25000 [  0%]  (Warmup) 
Chain 4 Iteration:   200 / 25000 [  0%]  (Warmup) 
Chain 1 Iteration:   100 / 25000 [  0%]  (Warmup) 
Chain 4 Iteration:   300 / 25000 [  1%]  (Warmup) 
Chain 4 Iteration:   400 / 25000 [  1%]  (Warmup) 
Chain 3 Iteration:   100 / 25000 [  0%]  (Warmup) 
Chain 1 Iteration:   200 / 25000 [  0%]  (Warmup) 
Chain 2 Iteration:   100 / 25000 [  0%]  (Warmup) 
Chain 4 Iteration:   500 / 25000 [  2%]  (Warmup) 
Chain 1 Iteration:   300 / 25000 [  1%]  (Warmup) 
Chain 3 Iteration:   200 / 25000 [  0%]  (Warmup) 
Chain 2 Iteration:   200 / 25000 [  0%]  (Warmup) 
Chain 1 Iteration:   400 / 25000 [  1%]  (Warmup) 
Chain 4 Iteration:   600 / 25000 [  2%]  (Warmup) 
Chain 2 Iteration:   300 / 25000 [  1%]  (Warmup) 
Chain 3 Iteration:   300 / 25000 [  1%]  (Warmup) 
Chain 1 Iteration:   500 / 25000 [  2%]  (Warmup) 
Chain 4 Iteration:   700 / 25000 [  2%]  (Warmup) 
Chain 3 Iteration:   400 / 25000 [  1%]  (Warmup) 
Chain 2 Iteration:   400 / 25000 [  1%]  (Warmup) 
Chain 1 Iteration:   600 / 25000 [  2%]  (Warmup) 
Chain 4 Iteration:   800 / 25000 [  3%]  (Warmup) 
Chain 3 Iteration:   500 / 25000 [  2%]  (Warmup) 
Chain 2 Iteration:   500 / 25000 [  2%]  (Warmup) 
Chain 1 Iteration:   700 / 25000 [  2%]  (Warmup) 
Chain 4 Iteration:   900 / 25000 [  3%]  (Warmup) 
Chain 3 Iteration:   600 / 25000 [  2%]  (Warmup) 
Chain 1 Iteration:   800 / 25000 [  3%]  (Warmup) 
Chain 2 Iteration:   600 / 25000 [  2%]  (Warmup) 
Chain 4 Iteration:  1000 / 25000 [  4%]  (Warmup) 
Chain 3 Iteration:   700 / 25000 [  2%]  (Warmup) 
Chain 2 Iteration:   700 / 25000 [  2%]  (Warmup) 
Chain 1 Iteration:   900 / 25000 [  3%]  (Warmup) 
Chain 3 Iteration:   800 / 25000 [  3%]  (Warmup) 
Chain 4 Iteration:  1100 / 25000 [  4%]  (Warmup) 
Chain 2 Iteration:   800 / 25000 [  3%]  (Warmup) 
Chain 4 Iteration:  1200 / 25000 [  4%]  (Warmup) 
Chain 1 Iteration:  1000 / 25000 [  4%]  (Warmup) 
Chain 3 Iteration:   900 / 25000 [  3%]  (Warmup) 
Chain 2 Iteration:   900 / 25000 [  3%]  (Warmup) 
Chain 4 Iteration:  1300 / 25000 [  5%]  (Warmup) 
Chain 1 Iteration:  1100 / 25000 [  4%]  (Warmup) 
Chain 3 Iteration:  1000 / 25000 [  4%]  (Warmup) 
Chain 4 Iteration:  1400 / 25000 [  5%]  (Warmup) 
Chain 3 Iteration:  1100 / 25000 [  4%]  (Warmup) 
Chain 2 Iteration:  1000 / 25000 [  4%]  (Warmup) 
Chain 1 Iteration:  1200 / 25000 [  4%]  (Warmup) 
Chain 4 Iteration:  1500 / 25000 [  6%]  (Warmup) 
Chain 3 Iteration:  1200 / 25000 [  4%]  (Warmup) 
Chain 1 Iteration:  1300 / 25000 [  5%]  (Warmup) 
Chain 2 Iteration:  1100 / 25000 [  4%]  (Warmup) 
Chain 4 Iteration:  1600 / 25000 [  6%]  (Warmup) 
Chain 3 Iteration:  1300 / 25000 [  5%]  (Warmup) 
Chain 1 Iteration:  1400 / 25000 [  5%]  (Warmup) 
Chain 2 Iteration:  1200 / 25000 [  4%]  (Warmup) 
Chain 3 Iteration:  1400 / 25000 [  5%]  (Warmup) 
Chain 4 Iteration:  1700 / 25000 [  6%]  (Warmup) 
Chain 1 Iteration:  1500 / 25000 [  6%]  (Warmup) 
Chain 2 Iteration:  1300 / 25000 [  5%]  (Warmup) 
Chain 3 Iteration:  1500 / 25000 [  6%]  (Warmup) 
Chain 4 Iteration:  1800 / 25000 [  7%]  (Warmup) 
Chain 1 Iteration:  1600 / 25000 [  6%]  (Warmup) 
Chain 2 Iteration:  1400 / 25000 [  5%]  (Warmup) 
Chain 3 Iteration:  1600 / 25000 [  6%]  (Warmup) 
Chain 4 Iteration:  1900 / 25000 [  7%]  (Warmup) 
Chain 2 Iteration:  1500 / 25000 [  6%]  (Warmup) 
Chain 1 Iteration:  1700 / 25000 [  6%]  (Warmup) 
Chain 3 Iteration:  1700 / 25000 [  6%]  (Warmup) 
Chain 4 Iteration:  2000 / 25000 [  8%]  (Warmup) 
Chain 2 Iteration:  1600 / 25000 [  6%]  (Warmup) 
Chain 3 Iteration:  1800 / 25000 [  7%]  (Warmup) 
Chain 4 Iteration:  2100 / 25000 [  8%]  (Warmup) 
Chain 1 Iteration:  1800 / 25000 [  7%]  (Warmup) 
Chain 4 Iteration:  2200 / 25000 [  8%]  (Warmup) 
Chain 1 Iteration:  1900 / 25000 [  7%]  (Warmup) 
Chain 2 Iteration:  1700 / 25000 [  6%]  (Warmup) 
Chain 3 Iteration:  1900 / 25000 [  7%]  (Warmup) 
Chain 4 Iteration:  2300 / 25000 [  9%]  (Warmup) 
Chain 1 Iteration:  2000 / 25000 [  8%]  (Warmup) 
Chain 3 Iteration:  2000 / 25000 [  8%]  (Warmup) 
Chain 2 Iteration:  1800 / 25000 [  7%]  (Warmup) 
Chain 4 Iteration:  2400 / 25000 [  9%]  (Warmup) 
Chain 1 Iteration:  2100 / 25000 [  8%]  (Warmup) 
Chain 3 Iteration:  2100 / 25000 [  8%]  (Warmup) 
Chain 2 Iteration:  1900 / 25000 [  7%]  (Warmup) 
Chain 4 Iteration:  2500 / 25000 [ 10%]  (Warmup) 
Chain 1 Iteration:  2200 / 25000 [  8%]  (Warmup) 
Chain 3 Iteration:  2200 / 25000 [  8%]  (Warmup) 
Chain 2 Iteration:  2000 / 25000 [  8%]  (Warmup) 
Chain 4 Iteration:  2600 / 25000 [ 10%]  (Warmup) 
Chain 1 Iteration:  2300 / 25000 [  9%]  (Warmup) 
Chain 3 Iteration:  2300 / 25000 [  9%]  (Warmup) 
Chain 4 Iteration:  2700 / 25000 [ 10%]  (Warmup) 
Chain 2 Iteration:  2100 / 25000 [  8%]  (Warmup) 
Chain 1 Iteration:  2400 / 25000 [  9%]  (Warmup) 
Chain 3 Iteration:  2400 / 25000 [  9%]  (Warmup) 
Chain 4 Iteration:  2800 / 25000 [ 11%]  (Warmup) 
Chain 2 Iteration:  2200 / 25000 [  8%]  (Warmup) 
Chain 1 Iteration:  2500 / 25000 [ 10%]  (Warmup) 
Chain 4 Iteration:  2900 / 25000 [ 11%]  (Warmup) 
Chain 3 Iteration:  2500 / 25000 [ 10%]  (Warmup) 
Chain 2 Iteration:  2300 / 25000 [  9%]  (Warmup) 
Chain 1 Iteration:  2600 / 25000 [ 10%]  (Warmup) 
Chain 4 Iteration:  3000 / 25000 [ 12%]  (Warmup) 
Chain 3 Iteration:  2600 / 25000 [ 10%]  (Warmup) 
Chain 2 Iteration:  2400 / 25000 [  9%]  (Warmup) 
Chain 1 Iteration:  2700 / 25000 [ 10%]  (Warmup) 
Chain 4 Iteration:  3100 / 25000 [ 12%]  (Warmup) 
Chain 3 Iteration:  2700 / 25000 [ 10%]  (Warmup) 
Chain 2 Iteration:  2500 / 25000 [ 10%]  (Warmup) 
Chain 1 Iteration:  2800 / 25000 [ 11%]  (Warmup) 
Chain 4 Iteration:  3200 / 25000 [ 12%]  (Warmup) 
Chain 2 Iteration:  2600 / 25000 [ 10%]  (Warmup) 
Chain 3 Iteration:  2800 / 25000 [ 11%]  (Warmup) 
Chain 1 Iteration:  2900 / 25000 [ 11%]  (Warmup) 
Chain 4 Iteration:  3300 / 25000 [ 13%]  (Warmup) 
Chain 2 Iteration:  2700 / 25000 [ 10%]  (Warmup) 
Chain 3 Iteration:  2900 / 25000 [ 11%]  (Warmup) 
Chain 1 Iteration:  3000 / 25000 [ 12%]  (Warmup) 
Chain 4 Iteration:  3400 / 25000 [ 13%]  (Warmup) 
Chain 2 Iteration:  2800 / 25000 [ 11%]  (Warmup) 
Chain 3 Iteration:  3000 / 25000 [ 12%]  (Warmup) 
Chain 1 Iteration:  3100 / 25000 [ 12%]  (Warmup) 
Chain 4 Iteration:  3500 / 25000 [ 14%]  (Warmup) 
Chain 3 Iteration:  3100 / 25000 [ 12%]  (Warmup) 
Chain 2 Iteration:  2900 / 25000 [ 11%]  (Warmup) 
Chain 1 Iteration:  3200 / 25000 [ 12%]  (Warmup) 
Chain 4 Iteration:  3600 / 25000 [ 14%]  (Warmup) 
Chain 3 Iteration:  3200 / 25000 [ 12%]  (Warmup) 
Chain 2 Iteration:  3000 / 25000 [ 12%]  (Warmup) 
Chain 4 Iteration:  3700 / 25000 [ 14%]  (Warmup) 
Chain 1 Iteration:  3300 / 25000 [ 13%]  (Warmup) 
Chain 3 Iteration:  3300 / 25000 [ 13%]  (Warmup) 
Chain 2 Iteration:  3100 / 25000 [ 12%]  (Warmup) 
Chain 4 Iteration:  3800 / 25000 [ 15%]  (Warmup) 
Chain 1 Iteration:  3400 / 25000 [ 13%]  (Warmup) 
Chain 2 Iteration:  3200 / 25000 [ 12%]  (Warmup) 
Chain 3 Iteration:  3400 / 25000 [ 13%]  (Warmup) 
Chain 4 Iteration:  3900 / 25000 [ 15%]  (Warmup) 
Chain 1 Iteration:  3500 / 25000 [ 14%]  (Warmup) 
Chain 2 Iteration:  3300 / 25000 [ 13%]  (Warmup) 
Chain 3 Iteration:  3500 / 25000 [ 14%]  (Warmup) 
Chain 1 Iteration:  3600 / 25000 [ 14%]  (Warmup) 
Chain 4 Iteration:  4000 / 25000 [ 16%]  (Warmup) 
Chain 2 Iteration:  3400 / 25000 [ 13%]  (Warmup) 
Chain 3 Iteration:  3600 / 25000 [ 14%]  (Warmup) 
Chain 1 Iteration:  3700 / 25000 [ 14%]  (Warmup) 
Chain 4 Iteration:  4100 / 25000 [ 16%]  (Warmup) 
Chain 2 Iteration:  3500 / 25000 [ 14%]  (Warmup) 
Chain 3 Iteration:  3700 / 25000 [ 14%]  (Warmup) 
Chain 1 Iteration:  3800 / 25000 [ 15%]  (Warmup) 
Chain 4 Iteration:  4200 / 25000 [ 16%]  (Warmup) 
Chain 2 Iteration:  3600 / 25000 [ 14%]  (Warmup) 
Chain 3 Iteration:  3800 / 25000 [ 15%]  (Warmup) 
Chain 1 Iteration:  3900 / 25000 [ 15%]  (Warmup) 
Chain 4 Iteration:  4300 / 25000 [ 17%]  (Warmup) 
Chain 2 Iteration:  3700 / 25000 [ 14%]  (Warmup) 
Chain 3 Iteration:  3900 / 25000 [ 15%]  (Warmup) 
Chain 1 Iteration:  4000 / 25000 [ 16%]  (Warmup) 
Chain 4 Iteration:  4400 / 25000 [ 17%]  (Warmup) 
Chain 2 Iteration:  3800 / 25000 [ 15%]  (Warmup) 
Chain 3 Iteration:  4000 / 25000 [ 16%]  (Warmup) 
Chain 4 Iteration:  4500 / 25000 [ 18%]  (Warmup) 
Chain 1 Iteration:  4100 / 25000 [ 16%]  (Warmup) 
Chain 2 Iteration:  3900 / 25000 [ 15%]  (Warmup) 
Chain 3 Iteration:  4100 / 25000 [ 16%]  (Warmup) 
Chain 4 Iteration:  4600 / 25000 [ 18%]  (Warmup) 
Chain 1 Iteration:  4200 / 25000 [ 16%]  (Warmup) 
Chain 2 Iteration:  4000 / 25000 [ 16%]  (Warmup) 
Chain 3 Iteration:  4200 / 25000 [ 16%]  (Warmup) 
Chain 1 Iteration:  4300 / 25000 [ 17%]  (Warmup) 
Chain 4 Iteration:  4700 / 25000 [ 18%]  (Warmup) 
Chain 2 Iteration:  4100 / 25000 [ 16%]  (Warmup) 
Chain 3 Iteration:  4300 / 25000 [ 17%]  (Warmup) 
Chain 1 Iteration:  4400 / 25000 [ 17%]  (Warmup) 
Chain 4 Iteration:  4800 / 25000 [ 19%]  (Warmup) 
Chain 2 Iteration:  4200 / 25000 [ 16%]  (Warmup) 
Chain 3 Iteration:  4400 / 25000 [ 17%]  (Warmup) 
Chain 4 Iteration:  4900 / 25000 [ 19%]  (Warmup) 
Chain 1 Iteration:  4500 / 25000 [ 18%]  (Warmup) 
Chain 2 Iteration:  4300 / 25000 [ 17%]  (Warmup) 
Chain 3 Iteration:  4500 / 25000 [ 18%]  (Warmup) 
Chain 1 Iteration:  4600 / 25000 [ 18%]  (Warmup) 
Chain 2 Iteration:  4400 / 25000 [ 17%]  (Warmup) 
Chain 4 Iteration:  5000 / 25000 [ 20%]  (Warmup) 
Chain 4 Iteration:  5001 / 25000 [ 20%]  (Sampling) 
Chain 3 Iteration:  4600 / 25000 [ 18%]  (Warmup) 
Chain 1 Iteration:  4700 / 25000 [ 18%]  (Warmup) 
Chain 2 Iteration:  4500 / 25000 [ 18%]  (Warmup) 
Chain 4 Iteration:  5100 / 25000 [ 20%]  (Sampling) 
Chain 3 Iteration:  4700 / 25000 [ 18%]  (Warmup) 
Chain 1 Iteration:  4800 / 25000 [ 19%]  (Warmup) 
Chain 2 Iteration:  4600 / 25000 [ 18%]  (Warmup) 
Chain 4 Iteration:  5200 / 25000 [ 20%]  (Sampling) 
Chain 3 Iteration:  4800 / 25000 [ 19%]  (Warmup) 
Chain 1 Iteration:  4900 / 25000 [ 19%]  (Warmup) 
Chain 2 Iteration:  4700 / 25000 [ 18%]  (Warmup) 
Chain 3 Iteration:  4900 / 25000 [ 19%]  (Warmup) 
Chain 4 Iteration:  5300 / 25000 [ 21%]  (Sampling) 
Chain 1 Iteration:  5000 / 25000 [ 20%]  (Warmup) 
Chain 1 Iteration:  5001 / 25000 [ 20%]  (Sampling) 
Chain 2 Iteration:  4800 / 25000 [ 19%]  (Warmup) 
Chain 4 Iteration:  5400 / 25000 [ 21%]  (Sampling) 
Chain 3 Iteration:  5000 / 25000 [ 20%]  (Warmup) 
Chain 3 Iteration:  5001 / 25000 [ 20%]  (Sampling) 
Chain 2 Iteration:  4900 / 25000 [ 19%]  (Warmup) 
Chain 1 Iteration:  5100 / 25000 [ 20%]  (Sampling) 
Chain 4 Iteration:  5500 / 25000 [ 22%]  (Sampling) 
Chain 4 Iteration:  5600 / 25000 [ 22%]  (Sampling) 
Chain 2 Iteration:  5000 / 25000 [ 20%]  (Warmup) 
Chain 2 Iteration:  5001 / 25000 [ 20%]  (Sampling) 
Chain 3 Iteration:  5100 / 25000 [ 20%]  (Sampling) 
Chain 1 Iteration:  5200 / 25000 [ 20%]  (Sampling) 
Chain 4 Iteration:  5700 / 25000 [ 22%]  (Sampling) 
Chain 1 Iteration:  5300 / 25000 [ 21%]  (Sampling) 
Chain 4 Iteration:  5800 / 25000 [ 23%]  (Sampling) 
Chain 2 Iteration:  5100 / 25000 [ 20%]  (Sampling) 
Chain 3 Iteration:  5200 / 25000 [ 20%]  (Sampling) 
Chain 4 Iteration:  5900 / 25000 [ 23%]  (Sampling) 
Chain 1 Iteration:  5400 / 25000 [ 21%]  (Sampling) 
Chain 4 Iteration:  6000 / 25000 [ 24%]  (Sampling) 
Chain 2 Iteration:  5200 / 25000 [ 20%]  (Sampling) 
Chain 3 Iteration:  5300 / 25000 [ 21%]  (Sampling) 
Chain 1 Iteration:  5500 / 25000 [ 22%]  (Sampling) 
Chain 4 Iteration:  6100 / 25000 [ 24%]  (Sampling) 
Chain 4 Iteration:  6200 / 25000 [ 24%]  (Sampling) 
Chain 2 Iteration:  5300 / 25000 [ 21%]  (Sampling) 
Chain 3 Iteration:  5400 / 25000 [ 21%]  (Sampling) 
Chain 1 Iteration:  5600 / 25000 [ 22%]  (Sampling) 
Chain 4 Iteration:  6300 / 25000 [ 25%]  (Sampling) 
Chain 1 Iteration:  5700 / 25000 [ 22%]  (Sampling) 
Chain 2 Iteration:  5400 / 25000 [ 21%]  (Sampling) 
Chain 4 Iteration:  6400 / 25000 [ 25%]  (Sampling) 
Chain 3 Iteration:  5500 / 25000 [ 22%]  (Sampling) 
Chain 4 Iteration:  6500 / 25000 [ 26%]  (Sampling) 
Chain 1 Iteration:  5800 / 25000 [ 23%]  (Sampling) 
Chain 2 Iteration:  5500 / 25000 [ 22%]  (Sampling) 
Chain 4 Iteration:  6600 / 25000 [ 26%]  (Sampling) 
Chain 3 Iteration:  5600 / 25000 [ 22%]  (Sampling) 
Chain 4 Iteration:  6700 / 25000 [ 26%]  (Sampling) 
Chain 1 Iteration:  5900 / 25000 [ 23%]  (Sampling) 
Chain 2 Iteration:  5600 / 25000 [ 22%]  (Sampling) 
Chain 4 Iteration:  6800 / 25000 [ 27%]  (Sampling) 
Chain 3 Iteration:  5700 / 25000 [ 22%]  (Sampling) 
Chain 1 Iteration:  6000 / 25000 [ 24%]  (Sampling) 
Chain 4 Iteration:  6900 / 25000 [ 27%]  (Sampling) 
Chain 2 Iteration:  5700 / 25000 [ 22%]  (Sampling) 
Chain 3 Iteration:  5800 / 25000 [ 23%]  (Sampling) 
Chain 4 Iteration:  7000 / 25000 [ 28%]  (Sampling) 
Chain 1 Iteration:  6100 / 25000 [ 24%]  (Sampling) 
Chain 4 Iteration:  7100 / 25000 [ 28%]  (Sampling) 
Chain 1 Iteration:  6200 / 25000 [ 24%]  (Sampling) 
Chain 2 Iteration:  5800 / 25000 [ 23%]  (Sampling) 
Chain 3 Iteration:  5900 / 25000 [ 23%]  (Sampling) 
Chain 4 Iteration:  7200 / 25000 [ 28%]  (Sampling) 
Chain 1 Iteration:  6300 / 25000 [ 25%]  (Sampling) 
Chain 4 Iteration:  7300 / 25000 [ 29%]  (Sampling) 
Chain 2 Iteration:  5900 / 25000 [ 23%]  (Sampling) 
Chain 3 Iteration:  6000 / 25000 [ 24%]  (Sampling) 
Chain 4 Iteration:  7400 / 25000 [ 29%]  (Sampling) 
Chain 1 Iteration:  6400 / 25000 [ 25%]  (Sampling) 
Chain 4 Iteration:  7500 / 25000 [ 30%]  (Sampling) 
Chain 2 Iteration:  6000 / 25000 [ 24%]  (Sampling) 
Chain 3 Iteration:  6100 / 25000 [ 24%]  (Sampling) 
Chain 1 Iteration:  6500 / 25000 [ 26%]  (Sampling) 
Chain 4 Iteration:  7600 / 25000 [ 30%]  (Sampling) 
Chain 4 Iteration:  7700 / 25000 [ 30%]  (Sampling) 
Chain 1 Iteration:  6600 / 25000 [ 26%]  (Sampling) 
Chain 2 Iteration:  6100 / 25000 [ 24%]  (Sampling) 
Chain 3 Iteration:  6200 / 25000 [ 24%]  (Sampling) 
Chain 4 Iteration:  7800 / 25000 [ 31%]  (Sampling) 
Chain 1 Iteration:  6700 / 25000 [ 26%]  (Sampling) 
Chain 4 Iteration:  7900 / 25000 [ 31%]  (Sampling) 
Chain 2 Iteration:  6200 / 25000 [ 24%]  (Sampling) 
Chain 3 Iteration:  6300 / 25000 [ 25%]  (Sampling) 
Chain 1 Iteration:  6800 / 25000 [ 27%]  (Sampling) 
Chain 4 Iteration:  8000 / 25000 [ 32%]  (Sampling) 
Chain 4 Iteration:  8100 / 25000 [ 32%]  (Sampling) 
Chain 2 Iteration:  6300 / 25000 [ 25%]  (Sampling) 
Chain 1 Iteration:  6900 / 25000 [ 27%]  (Sampling) 
Chain 3 Iteration:  6400 / 25000 [ 25%]  (Sampling) 
Chain 4 Iteration:  8200 / 25000 [ 32%]  (Sampling) 
Chain 1 Iteration:  7000 / 25000 [ 28%]  (Sampling) 
Chain 4 Iteration:  8300 / 25000 [ 33%]  (Sampling) 
Chain 2 Iteration:  6400 / 25000 [ 25%]  (Sampling) 
Chain 3 Iteration:  6500 / 25000 [ 26%]  (Sampling) 
Chain 4 Iteration:  8400 / 25000 [ 33%]  (Sampling) 
Chain 1 Iteration:  7100 / 25000 [ 28%]  (Sampling) 
Chain 4 Iteration:  8500 / 25000 [ 34%]  (Sampling) 
Chain 2 Iteration:  6500 / 25000 [ 26%]  (Sampling) 
Chain 3 Iteration:  6600 / 25000 [ 26%]  (Sampling) 
Chain 1 Iteration:  7200 / 25000 [ 28%]  (Sampling) 
