Removing r-rocker-ml-verse version 4.2.3+apptainer
Removing apptainer version latest
Loading r-rocker-ml-verse version 4.2.3+apptainer
Loading apptainer version latest

==========
== CUDA ==
==========

CUDA Version 11.8.0

Container image Copyright (c) 2016-2023, NVIDIA CORPORATION & AFFILIATES. All rights reserved.

This container image and its contents are governed by the NVIDIA Deep Learning Container License.
By pulling and using the container, you accept the terms and conditions of this license:
https://developer.nvidia.com/ngc/nvidia-deep-learning-container-license

A copy of this license is made available in this container at /NGC-DL-CONTAINER-LICENSE for your convenience.

WARNING: The NVIDIA Driver was not detected.  GPU functionality will not be available.
   Use the NVIDIA Container Toolkit to start this container with GPU support; see
   https://docs.nvidia.com/datacenter/cloud-native/ .

Loading required package: loo
This is loo version 2.7.0.9000
- Online documentation and vignettes at mc-stan.org/loo
- As of v2.0.0 loo defaults to 1 core but we recommend using as many as possible. Use the 'cores' argument or set options(mc.cores = NUM_CORES) for an entire session. 
Loading required package: cmdstanr
This is cmdstanr version 0.8.1.9000
- CmdStanR documentation and vignettes: mc-stan.org/cmdstanr
- CmdStan path: /home/bwrogers_umass_edu/.cmdstan/cmdstan-2.31.0
- CmdStan version: 2.31.0

A newer version of CmdStan is available. See ?install_cmdstan() to install it.
To disable this check set option or environment variable cmdstanr_no_ver_check=TRUE.
Running MCMC with 4 parallel chains...

Chain 1 Iteration:     1 / 25000 [  0%]  (Warmup) 
Chain 2 Iteration:     1 / 25000 [  0%]  (Warmup) 
Chain 3 Iteration:     1 / 25000 [  0%]  (Warmup) 
Chain 4 Iteration:     1 / 25000 [  0%]  (Warmup) 
Chain 1 Iteration:   100 / 25000 [  0%]  (Warmup) 
Chain 4 Iteration:   100 / 25000 [  0%]  (Warmup) 
Chain 3 Iteration:   100 / 25000 [  0%]  (Warmup) 
Chain 2 Iteration:   100 / 25000 [  0%]  (Warmup) 
Chain 1 Iteration:   200 / 25000 [  0%]  (Warmup) 
Chain 3 Iteration:   200 / 25000 [  0%]  (Warmup) 
Chain 4 Iteration:   200 / 25000 [  0%]  (Warmup) 
Chain 4 Iteration:   300 / 25000 [  1%]  (Warmup) 
Chain 1 Iteration:   300 / 25000 [  1%]  (Warmup) 
Chain 3 Iteration:   300 / 25000 [  1%]  (Warmup) 
Chain 4 Iteration:   400 / 25000 [  1%]  (Warmup) 
Chain 1 Iteration:   400 / 25000 [  1%]  (Warmup) 
Chain 2 Iteration:   200 / 25000 [  0%]  (Warmup) 
Chain 3 Iteration:   400 / 25000 [  1%]  (Warmup) 
Chain 4 Iteration:   500 / 25000 [  2%]  (Warmup) 
Chain 1 Iteration:   500 / 25000 [  2%]  (Warmup) 
Chain 2 Iteration:   300 / 25000 [  1%]  (Warmup) 
Chain 3 Iteration:   500 / 25000 [  2%]  (Warmup) 
Chain 4 Iteration:   600 / 25000 [  2%]  (Warmup) 
